<?xml version="1.0" encoding="UTF-8"?>
<!-- Generated by org.testng.reporters.JUnitReportReporter -->
<testsuite skipped="0" hostname="parinder-TP550LAB" name="Library_Request_Automation_Code.AddBook" tests="1" failures="0" timestamp="21 Nov 2018 04:27:06 GMT" time="2.405" errors="0">
  <testcase name="add" time="2.405" classname="Library_Request_Automation_Code.AddBook"/>
</testsuite> <!-- Library_Request_Automation_Code.AddBook -->
